# JRE version: Java(TM) SE Runtime Environment (8.0_131-b11) (build 1.8.0_131-b11)
# Java VM: Java HotSpot(TM) 64-Bit Server VM (25.131-b11 mixed mode windows-amd64 compressed oops)
Heap:
 PSYoungGen      total 35328K, used 4299K [0x00000000eb000000, 0x00000000ed500000, 0x0000000100000000)
  eden space 32768K, 13% used [0x00000000eb000000,0x00000000eb432cd0,0x00000000ed000000)
  from space 2560K, 0% used [0x00000000ed280000,0x00000000ed280000,0x00000000ed500000)
  to   space 2560K, 0% used [0x00000000ed000000,0x00000000ed000000,0x00000000ed280000)
 ParOldGen       total 34816K, used 21446K [0x00000000c1000000, 0x00000000c3200000, 0x00000000eb000000)
  object space 34816K, 61% used [0x00000000c1000000,0x00000000c24f1808,0x00000000c3200000)
 Metaspace       used 42112K, capacity 44036K, committed 44288K, reserved 1089536K
  class space    used 5724K, capacity 6067K, committed 6144K, reserved 1048576K
GC Heap History (10 events):
Event: 8.391 GC heap before
{Heap before GC invocations=27 (full 2):
 PSYoungGen      total 35328K, used 35015K [0x00000000eb000000, 0x00000000ed500000, 0x0000000100000000)
  eden space 32768K, 100% used [0x00000000eb000000,0x00000000ed000000,0x00000000ed000000)
  from space 2560K, 87% used [0x00000000ed280000,0x00000000ed4b1ea0,0x00000000ed500000)
  to   space 2560K, 0% used [0x00000000ed000000,0x00000000ed000000,0x00000000ed280000)
 ParOldGen       total 34816K, used 25183K [0x00000000c1000000, 0x00000000c3200000, 0x00000000eb000000)
  object space 34816K, 72% used [0x00000000c1000000,0x00000000c2897f18,0x00000000c3200000)
 Metaspace       used 38725K, capacity 40576K, committed 40832K, reserved 1085440K
  class space    used 5331K, capacity 5683K, committed 5760K, reserved 1048576K
Event: 8.402 GC heap after
Heap after GC invocations=27 (full 2):
 PSYoungGen      total 35328K, used 1861K [0x00000000eb000000, 0x00000000ed500000, 0x0000000100000000)
  eden space 32768K, 0% used [0x00000000eb000000,0x00000000eb000000,0x00000000ed000000)
  from space 2560K, 72% used [0x00000000ed000000,0x00000000ed1d14c0,0x00000000ed280000)
  to   space 2560K, 0% used [0x00000000ed280000,0x00000000ed280000,0x00000000ed500000)
 ParOldGen       total 34816K, used 26677K [0x00000000c1000000, 0x00000000c3200000, 0x00000000eb000000)
  object space 34816K, 76% used [0x00000000c1000000,0x00000000c2a0d4d8,0x00000000c3200000)
 Metaspace       used 38725K, capacity 40576K, committed 40832K, reserved 1085440K
  class space    used 5331K, capacity 5683K, committed 5760K, reserved 1048576K
}
Event: 8.571 GC heap before
{Heap before GC invocations=28 (full 2):
 PSYoungGen      total 35328K, used 34629K [0x00000000eb000000, 0x00000000ed500000, 0x0000000100000000)
  eden space 32768K, 100% used [0x00000000eb000000,0x00000000ed000000,0x00000000ed000000)
  from space 2560K, 72% used [0x00000000ed000000,0x00000000ed1d14c0,0x00000000ed280000)
  to   space 2560K, 0% used [0x00000000ed280000,0x00000000ed280000,0x00000000ed500000)
 ParOldGen       total 34816K, used 26677K [0x00000000c1000000, 0x00000000c3200000, 0x00000000eb000000)
  object space 34816K, 76% used [0x00000000c1000000,0x00000000c2a0d4d8,0x00000000c3200000)
 Metaspace       used 39255K, capacity 41092K, committed 41344K, reserved 1085440K
  class space    used 5416K, capacity 5749K, committed 5760K, reserved 1048576K
Event: 8.576 GC heap after
Heap after GC invocations=28 (full 2):
 PSYoungGen      total 35328K, used 1696K [0x00000000eb000000, 0x00000000ed500000, 0x0000000100000000)
  eden space 32768K, 0% used [0x00000000eb000000,0x00000000eb000000,0x00000000ed000000)
  from space 2560K, 66% used [0x00000000ed280000,0x00000000ed428020,0x00000000ed500000)
  to   space 2560K, 0% used [0x00000000ed000000,0x00000000ed000000,0x00000000ed280000)
 ParOldGen       total 34816K, used 27989K [0x00000000c1000000, 0x00000000c3200000, 0x00000000eb000000)
  object space 34816K, 80% used [0x00000000c1000000,0x00000000c2b554d8,0x00000000c3200000)
 Metaspace       used 39255K, capacity 41092K, committed 41344K, reserved 1085440K
  class space    used 5416K, capacity 5749K, committed 5760K, reserved 1048576K
}
Event: 9.504 GC heap before
{Heap before GC invocations=29 (full 2):
 PSYoungGen      total 35328K, used 34464K [0x00000000eb000000, 0x00000000ed500000, 0x0000000100000000)
  eden space 32768K, 100% used [0x00000000eb000000,0x00000000ed000000,0x00000000ed000000)
  from space 2560K, 66% used [0x00000000ed280000,0x00000000ed428020,0x00000000ed500000)
  to   space 2560K, 0% used [0x00000000ed000000,0x00000000ed000000,0x00000000ed280000)
 ParOldGen       total 34816K, used 27989K [0x00000000c1000000, 0x00000000c3200000, 0x00000000eb000000)
  object space 34816K, 80% used [0x00000000c1000000,0x00000000c2b554d8,0x00000000c3200000)
 Metaspace       used 39987K, capacity 41918K, committed 41984K, reserved 1085440K
  class space    used 5511K, capacity 5874K, committed 5888K, reserved 1048576K
Event: 9.509 GC heap after
Heap after GC invocations=29 (full 2):
 PSYoungGen      total 35328K, used 2231K [0x00000000eb000000, 0x00000000ed500000, 0x0000000100000000)
  eden space 32768K, 0% used [0x00000000eb000000,0x00000000eb000000,0x00000000ed000000)
  from space 2560K, 87% used [0x00000000ed000000,0x00000000ed22df58,0x00000000ed280000)
  to   space 2560K, 0% used [0x00000000ed280000,0x00000000ed280000,0x00000000ed500000)
 ParOldGen       total 34816K, used 28773K [0x00000000c1000000, 0x00000000c3200000, 0x00000000eb000000)
  object space 34816K, 82% used [0x00000000c1000000,0x00000000c2c194f8,0x00000000c3200000)
 Metaspace       used 39987K, capacity 41918K, committed 41984K, reserved 1085440K
  class space    used 5511K, capacity 5874K, committed 5888K, reserved 1048576K
}
Event: 15.836 GC heap before
{Heap before GC invocations=30 (full 2):
 PSYoungGen      total 35328K, used 17367K [0x00000000eb000000, 0x00000000ed500000, 0x0000000100000000)
  eden space 32768K, 46% used [0x00000000eb000000,0x00000000ebec7fc8,0x00000000ed000000)
  from space 2560K, 87% used [0x00000000ed000000,0x00000000ed22df58,0x00000000ed280000)
  to   space 2560K, 0% used [0x00000000ed280000,0x00000000ed280000,0x00000000ed500000)
 ParOldGen       total 34816K, used 28773K [0x00000000c1000000, 0x00000000c3200000, 0x00000000eb000000)
  object space 34816K, 82% used [0x00000000c1000000,0x00000000c2c194f8,0x00000000c3200000)
 Metaspace       used 41629K, capacity 43556K, committed 43776K, reserved 1091584K
  class space    used 5671K, capacity 6035K, committed 6144K, reserved 1048576K
Event: 15.843 GC heap after
Heap after GC invocations=30 (full 2):
 PSYoungGen      total 35328K, used 1697K [0x00000000eb000000, 0x00000000ed500000, 0x0000000100000000)
  eden space 32768K, 0% used [0x00000000eb000000,0x00000000eb000000,0x00000000ed000000)
  from space 2560K, 66% used [0x00000000ed280000,0x00000000ed428540,0x00000000ed500000)
  to   space 2560K, 0% used [0x00000000ed000000,0x00000000ed000000,0x00000000ed280000)
 ParOldGen       total 34816K, used 30465K [0x00000000c1000000, 0x00000000c3200000, 0x00000000eb000000)
  object space 34816K, 87% used [0x00000000c1000000,0x00000000c2dc06a0,0x00000000c3200000)
 Metaspace       used 41629K, capacity 43556K, committed 43776K, reserved 1091584K
  class space    used 5671K, capacity 6035K, committed 6144K, reserved 1048576K
}
Event: 15.843 GC heap before
{Heap before GC invocations=31 (full 3):
 PSYoungGen      total 35328K, used 1697K [0x00000000eb000000, 0x00000000ed500000, 0x0000000100000000)
  eden space 32768K, 0% used [0x00000000eb000000,0x00000000eb000000,0x00000000ed000000)
  from space 2560K, 66% used [0x00000000ed280000,0x00000000ed428540,0x00000000ed500000)
  to   space 2560K, 0% used [0x00000000ed000000,0x00000000ed000000,0x00000000ed280000)
 ParOldGen       total 34816K, used 30465K [0x00000000c1000000, 0x00000000c3200000, 0x00000000eb000000)
  object space 34816K, 87% used [0x00000000c1000000,0x00000000c2dc06a0,0x00000000c3200000)
 Metaspace       used 41629K, capacity 43556K, committed 43776K, reserved 1091584K
  class space    used 5671K, capacity 6035K, committed 6144K, reserved 1048576K
Event: 16.062 GC heap after
Heap after GC invocations=31 (full 3):
 PSYoungGen      total 35328K, used 0K [0x00000000eb000000, 0x00000000ed500000, 0x0000000100000000)
  eden space 32768K, 0% used [0x00000000eb000000,0x00000000eb000000,0x00000000ed000000)
  from space 2560K, 0% used [0x00000000ed280000,0x00000000ed280000,0x00000000ed500000)
  to   space 2560K, 0% used [0x00000000ed000000,0x00000000ed000000,0x00000000ed280000)
 ParOldGen       total 34816K, used 21446K [0x00000000c1000000, 0x00000000c3200000, 0x00000000eb000000)
  object space 34816K, 61% used [0x00000000c1000000,0x00000000c24f1808,0x00000000c3200000)
 Metaspace       used 41629K, capacity 43556K, committed 43776K, reserved 1089536K
  class space    used 5671K, capacity 6035K, committed 6144K, reserved 1048576K
}

